# JRE version: Java(TM) SE Runtime Environment (8.0_131-b11) (build 1.8.0_131-b11)
# Java VM: Java HotSpot(TM) Client VM (25.131-b11 mixed mode windows-x86 )
Heap:
 def new generation   total 4928K, used 4466K [0x03e00000, 0x04350000, 0x09350000)
  eden space 4416K,  89% used [0x03e00000, 0x041dc980, 0x04250000)
  from space 512K, 100% used [0x04250000, 0x042d0000, 0x042d0000)
  to   space 512K,   0% used [0x042d0000, 0x042d0000, 0x04350000)
 tenured generation   total 10944K, used 4869K [0x09350000, 0x09e00000, 0x13e00000)
   the space 10944K,  44% used [0x09350000, 0x09811588, 0x09811600, 0x09e00000)
 Metaspace       used 10407K, capacity 10597K, committed 10752K, reserved 11648K
GC Heap History (8 events):
Event: 1.168 GC heap before
{Heap before GC invocations=0 (full 0):
 def new generation   total 4928K, used 4416K [0x03e00000, 0x04350000, 0x09350000)
  eden space 4416K, 100% used [0x03e00000, 0x04250000, 0x04250000)
  from space 512K,   0% used [0x04250000, 0x04250000, 0x042d0000)
  to   space 512K,   0% used [0x042d0000, 0x042d0000, 0x04350000)
 tenured generation   total 10944K, used 0K [0x09350000, 0x09e00000, 0x13e00000)
   the space 10944K,   0% used [0x09350000, 0x09350000, 0x09350200, 0x09e00000)
 Metaspace       used 6972K, capacity 7159K, committed 7296K, reserved 7552K
Event: 1.180 GC heap after
Heap after GC invocations=1 (full 0):
 def new generation   total 4928K, used 512K [0x03e00000, 0x04350000, 0x09350000)
  eden space 4416K,   0% used [0x03e00000, 0x03e00000, 0x04250000)
  from space 512K, 100% used [0x042d0000, 0x04350000, 0x04350000)
  to   space 512K,   0% used [0x04250000, 0x04250000, 0x042d0000)
 tenured generation   total 10944K, used 1197K [0x09350000, 0x09e00000, 0x13e00000)
   the space 10944K,  10% used [0x09350000, 0x0947b508, 0x0947b600, 0x09e00000)
 Metaspace       used 6972K, capacity 7159K, committed 7296K, reserved 7552K
}
Event: 1.831 GC heap before
{Heap before GC invocations=1 (full 0):
 def new generation   total 4928K, used 4386K [0x03e00000, 0x04350000, 0x09350000)
  eden space 4416K,  87% used [0x03e00000, 0x041c8b78, 0x04250000)
  from space 512K, 100% used [0x042d0000, 0x04350000, 0x04350000)
  to   space 512K,   0% used [0x04250000, 0x04250000, 0x042d0000)
 tenured generation   total 10944K, used 1197K [0x09350000, 0x09e00000, 0x13e00000)
   the space 10944K,  10% used [0x09350000, 0x0947b508, 0x0947b600, 0x09e00000)
 Metaspace       used 8198K, capacity 8382K, committed 8448K, reserved 8576K
Event: 1.841 GC heap after
Heap after GC invocations=2 (full 0):
 def new generation   total 4928K, used 512K [0x03e00000, 0x04350000, 0x09350000)
  eden space 4416K,   0% used [0x03e00000, 0x03e00000, 0x04250000)
  from space 512K, 100% used [0x04250000, 0x042d0000, 0x042d0000)
  to   space 512K,   0% used [0x042d0000, 0x042d0000, 0x04350000)
 tenured generation   total 10944K, used 1793K [0x09350000, 0x09e00000, 0x13e00000)
   the space 10944K,  16% used [0x09350000, 0x09510510, 0x09510600, 0x09e00000)
 Metaspace       used 8198K, capacity 8382K, committed 8448K, reserved 8576K
}
Event: 5.808 GC heap before
{Heap before GC invocations=2 (full 0):
 def new generation   total 4928K, used 4928K [0x03e00000, 0x04350000, 0x09350000)
  eden space 4416K, 100% used [0x03e00000, 0x04250000, 0x04250000)
  from space 512K, 100% used [0x04250000, 0x042d0000, 0x042d0000)
  to   space 512K,   0% used [0x042d0000, 0x042d0000, 0x04350000)
 tenured generation   total 10944K, used 1793K [0x09350000, 0x09e00000, 0x13e00000)
   the space 10944K,  16% used [0x09350000, 0x09510510, 0x09510600, 0x09e00000)
 Metaspace       used 8586K, capacity 8773K, committed 8832K, reserved 9600K
Event: 5.822 GC heap after
Heap after GC invocations=3 (full 0):
 def new generation   total 4928K, used 309K [0x03e00000, 0x04350000, 0x09350000)
  eden space 4416K,   0% used [0x03e00000, 0x03e00000, 0x04250000)
  from space 512K,  60% used [0x042d0000, 0x0431d5c8, 0x04350000)
  to   space 512K,   0% used [0x04250000, 0x04250000, 0x042d0000)
 tenured generation   total 10944K, used 3961K [0x09350000, 0x09e00000, 0x13e00000)
   the space 10944K,  36% used [0x09350000, 0x0972e740, 0x0972e800, 0x09e00000)
 Metaspace       used 8586K, capacity 8773K, committed 8832K, reserved 9600K
}
Event: 6.128 GC heap before
{Heap before GC invocations=3 (full 0):
 def new generation   total 4928K, used 4699K [0x03e00000, 0x04350000, 0x09350000)
  eden space 4416K,  99% used [0x03e00000, 0x04249650, 0x04250000)
  from space 512K,  60% used [0x042d0000, 0x0431d5c8, 0x04350000)
  to   space 512K,   0% used [0x04250000, 0x04250000, 0x042d0000)
 tenured generation   total 10944K, used 3961K [0x09350000, 0x09e00000, 0x13e00000)
   the space 10944K,  36% used [0x09350000, 0x0972e740, 0x0972e800, 0x09e00000)
 Metaspace       used 10164K, capacity 10373K, committed 10496K, reserved 10624K
Event: 6.136 GC heap after
Heap after GC invocations=4 (full 0):
 def new generation   total 4928K, used 512K [0x03e00000, 0x04350000, 0x09350000)
  eden space 4416K,   0% used [0x03e00000, 0x03e00000, 0x04250000)
  from space 512K, 100% used [0x04250000, 0x042d0000, 0x042d0000)
  to   space 512K,   0% used [0x042d0000, 0x042d0000, 0x04350000)
 tenured generation   total 10944K, used 4869K [0x09350000, 0x09e00000, 0x13e00000)
   the space 10944K,  44% used [0x09350000, 0x09811588, 0x09811600, 0x09e00000)
 Metaspace       used 10164K, capacity 10373K, committed 10496K, reserved 10624K
}

