# JRE version: Java(TM) SE Runtime Environment (8.0_131-b11) (build 1.8.0_131-b11)
# Java VM: Java HotSpot(TM) Client VM (25.131-b11 mixed mode windows-x86 )
Heap:
 def new generation   total 4928K, used 3143K [0x03e00000, 0x04350000, 0x09350000)
  eden space 4416K,  69% used [0x03e00000, 0x040fdec8, 0x04250000)
  from space 512K,  15% used [0x042d0000, 0x042e4100, 0x04350000)
  to   space 512K,   0% used [0x04250000, 0x04250000, 0x042d0000)
 tenured generation   total 10944K, used 6476K [0x09350000, 0x09e00000, 0x13e00000)
   the space 10944K,  59% used [0x09350000, 0x099a3070, 0x099a3200, 0x09e00000)
 Metaspace       used 10995K, capacity 11213K, committed 11264K, reserved 11648K
GC Heap History (10 events):
Event: 98.126 GC heap before
{Heap before GC invocations=10 (full 0):
 def new generation   total 4928K, used 4559K [0x03e00000, 0x04350000, 0x09350000)
  eden space 4416K,  99% used [0x03e00000, 0x0424fb18, 0x04250000)
  from space 512K,  28% used [0x04250000, 0x04274190, 0x042d0000)
  to   space 512K,   0% used [0x042d0000, 0x042d0000, 0x04350000)
 tenured generation   total 10944K, used 6476K [0x09350000, 0x09e00000, 0x13e00000)
   the space 10944K,  59% used [0x09350000, 0x099a3070, 0x099a3200, 0x09e00000)
 Metaspace       used 10989K, capacity 11205K, committed 11264K, reserved 11648K
Event: 98.129 GC heap after
Heap after GC invocations=11 (full 0):
 def new generation   total 4928K, used 61K [0x03e00000, 0x04350000, 0x09350000)
  eden space 4416K,   0% used [0x03e00000, 0x03e00000, 0x04250000)
  from space 512K,  11% used [0x042d0000, 0x042df568, 0x04350000)
  to   space 512K,   0% used [0x04250000, 0x04250000, 0x042d0000)
 tenured generation   total 10944K, used 6476K [0x09350000, 0x09e00000, 0x13e00000)
   the space 10944K,  59% used [0x09350000, 0x099a3070, 0x099a3200, 0x09e00000)
 Metaspace       used 10989K, capacity 11205K, committed 11264K, reserved 11648K
}
Event: 109.049 GC heap before
{Heap before GC invocations=11 (full 0):
 def new generation   total 4928K, used 4477K [0x03e00000, 0x04350000, 0x09350000)
  eden space 4416K, 100% used [0x03e00000, 0x04250000, 0x04250000)
  from space 512K,  11% used [0x042d0000, 0x042df568, 0x04350000)
  to   space 512K,   0% used [0x04250000, 0x04250000, 0x042d0000)
 tenured generation   total 10944K, used 6476K [0x09350000, 0x09e00000, 0x13e00000)
   the space 10944K,  59% used [0x09350000, 0x099a3070, 0x099a3200, 0x09e00000)
 Metaspace       used 10989K, capacity 11205K, committed 11264K, reserved 11648K
Event: 109.052 GC heap after
Heap after GC invocations=12 (full 0):
 def new generation   total 4928K, used 60K [0x03e00000, 0x04350000, 0x09350000)
  eden space 4416K,   0% used [0x03e00000, 0x03e00000, 0x04250000)
  from space 512K,  11% used [0x04250000, 0x0425f3e8, 0x042d0000)
  to   space 512K,   0% used [0x042d0000, 0x042d0000, 0x04350000)
 tenured generation   total 10944K, used 6476K [0x09350000, 0x09e00000, 0x13e00000)
   the space 10944K,  59% used [0x09350000, 0x099a3070, 0x099a3200, 0x09e00000)
 Metaspace       used 10989K, capacity 11205K, committed 11264K, reserved 11648K
}
Event: 119.716 GC heap before
{Heap before GC invocations=12 (full 0):
 def new generation   total 4928K, used 4468K [0x03e00000, 0x04350000, 0x09350000)
  eden space 4416K,  99% used [0x03e00000, 0x0424df08, 0x04250000)
  from space 512K,  11% used [0x04250000, 0x0425f3e8, 0x042d0000)
  to   space 512K,   0% used [0x042d0000, 0x042d0000, 0x04350000)
 tenured generation   total 10944K, used 6476K [0x09350000, 0x09e00000, 0x13e00000)
   the space 10944K,  59% used [0x09350000, 0x099a3070, 0x099a3200, 0x09e00000)
 Metaspace       used 10989K, capacity 11205K, committed 11264K, reserved 11648K
Event: 119.719 GC heap after
Heap after GC invocations=13 (full 0):
 def new generation   total 4928K, used 66K [0x03e00000, 0x04350000, 0x09350000)
  eden space 4416K,   0% used [0x03e00000, 0x03e00000, 0x04250000)
  from space 512K,  13% used [0x042d0000, 0x042e0ac8, 0x04350000)
  to   space 512K,   0% used [0x04250000, 0x04250000, 0x042d0000)
 tenured generation   total 10944K, used 6476K [0x09350000, 0x09e00000, 0x13e00000)
   the space 10944K,  59% used [0x09350000, 0x099a3070, 0x099a3200, 0x09e00000)
 Metaspace       used 10989K, capacity 11205K, committed 11264K, reserved 11648K
}
Event: 127.597 GC heap before
{Heap before GC invocations=13 (full 0):
 def new generation   total 4928K, used 4482K [0x03e00000, 0x04350000, 0x09350000)
  eden space 4416K, 100% used [0x03e00000, 0x04250000, 0x04250000)
  from space 512K,  13% used [0x042d0000, 0x042e0ac8, 0x04350000)
  to   space 512K,   0% used [0x04250000, 0x04250000, 0x042d0000)
 tenured generation   total 10944K, used 6476K [0x09350000, 0x09e00000, 0x13e00000)
   the space 10944K,  59% used [0x09350000, 0x099a3070, 0x099a3200, 0x09e00000)
 Metaspace       used 10989K, capacity 11205K, committed 11264K, reserved 11648K
Event: 127.600 GC heap after
Heap after GC invocations=14 (full 0):
 def new generation   total 4928K, used 56K [0x03e00000, 0x04350000, 0x09350000)
  eden space 4416K,   0% used [0x03e00000, 0x03e00000, 0x04250000)
  from space 512K,  10% used [0x04250000, 0x0425e068, 0x042d0000)
  to   space 512K,   0% used [0x042d0000, 0x042d0000, 0x04350000)
 tenured generation   total 10944K, used 6476K [0x09350000, 0x09e00000, 0x13e00000)
   the space 10944K,  59% used [0x09350000, 0x099a3070, 0x099a3200, 0x09e00000)
 Metaspace       used 10989K, capacity 11205K, committed 11264K, reserved 11648K
}
Event: 149.751 GC heap before
{Heap before GC invocations=14 (full 0):
 def new generation   total 4928K, used 4472K [0x03e00000, 0x04350000, 0x09350000)
  eden space 4416K, 100% used [0x03e00000, 0x04250000, 0x04250000)
  from space 512K,  10% used [0x04250000, 0x0425e068, 0x042d0000)
  to   space 512K,   0% used [0x042d0000, 0x042d0000, 0x04350000)
 tenured generation   total 10944K, used 6476K [0x09350000, 0x09e00000, 0x13e00000)
   the space 10944K,  59% used [0x09350000, 0x099a3070, 0x099a3200, 0x09e00000)
 Metaspace       used 10989K, capacity 11205K, committed 11264K, reserved 11648K
Event: 149.754 GC heap after
Heap after GC invocations=15 (full 0):
 def new generation   total 4928K, used 80K [0x03e00000, 0x04350000, 0x09350000)
  eden space 4416K,   0% used [0x03e00000, 0x03e00000, 0x04250000)
  from space 512K,  15% used [0x042d0000, 0x042e4100, 0x04350000)
  to   space 512K,   0% used [0x04250000, 0x04250000, 0x042d0000)
 tenured generation   total 10944K, used 6476K [0x09350000, 0x09e00000, 0x13e00000)
   the space 10944K,  59% used [0x09350000, 0x099a3070, 0x099a3200, 0x09e00000)
 Metaspace       used 10989K, capacity 11205K, committed 11264K, reserved 11648K
}

