# JRE version: Java(TM) SE Runtime Environment (8.0_131-b11) (build 1.8.0_131-b11)
# Java VM: Java HotSpot(TM) Client VM (25.131-b11 mixed mode windows-x86 )
Heap:
 def new generation   total 4928K, used 1117K [0x03c00000, 0x04150000, 0x09150000)
  eden space 4416K,  19% used [0x03c00000, 0x03cd47b0, 0x04050000)
  from space 512K,  52% used [0x040d0000, 0x04112d88, 0x04150000)
  to   space 512K,   0% used [0x04050000, 0x04050000, 0x040d0000)
 tenured generation   total 10944K, used 5847K [0x09150000, 0x09c00000, 0x13c00000)
   the space 10944K,  53% used [0x09150000, 0x09705fb8, 0x09706000, 0x09c00000)
 Metaspace       used 10383K, capacity 10597K, committed 10752K, reserved 11648K
GC Heap History (10 events):
Event: 1.562 GC heap before
{Heap before GC invocations=0 (full 0):
 def new generation   total 4928K, used 4416K [0x03c00000, 0x04150000, 0x09150000)
  eden space 4416K, 100% used [0x03c00000, 0x04050000, 0x04050000)
  from space 512K,   0% used [0x04050000, 0x04050000, 0x040d0000)
  to   space 512K,   0% used [0x040d0000, 0x040d0000, 0x04150000)
 tenured generation   total 10944K, used 0K [0x09150000, 0x09c00000, 0x13c00000)
   the space 10944K,   0% used [0x09150000, 0x09150000, 0x09150200, 0x09c00000)
 Metaspace       used 6972K, capacity 7159K, committed 7296K, reserved 7552K
Event: 1.595 GC heap after
Heap after GC invocations=1 (full 0):
 def new generation   total 4928K, used 512K [0x03c00000, 0x04150000, 0x09150000)
  eden space 4416K,   0% used [0x03c00000, 0x03c00000, 0x04050000)
  from space 512K, 100% used [0x040d0000, 0x04150000, 0x04150000)
  to   space 512K,   0% used [0x04050000, 0x04050000, 0x040d0000)
 tenured generation   total 10944K, used 1197K [0x09150000, 0x09c00000, 0x13c00000)
   the space 10944K,  10% used [0x09150000, 0x0927b5a8, 0x0927b600, 0x09c00000)
 Metaspace       used 6972K, capacity 7159K, committed 7296K, reserved 7552K
}
Event: 2.631 GC heap before
{Heap before GC invocations=1 (full 0):
 def new generation   total 4928K, used 4394K [0x03c00000, 0x04150000, 0x09150000)
  eden space 4416K,  87% used [0x03c00000, 0x03fcabb8, 0x04050000)
  from space 512K, 100% used [0x040d0000, 0x04150000, 0x04150000)
  to   space 512K,   0% used [0x04050000, 0x04050000, 0x040d0000)
 tenured generation   total 10944K, used 1197K [0x09150000, 0x09c00000, 0x13c00000)
   the space 10944K,  10% used [0x09150000, 0x0927b5a8, 0x0927b600, 0x09c00000)
 Metaspace       used 8199K, capacity 8382K, committed 8448K, reserved 8576K
Event: 2.641 GC heap after
Heap after GC invocations=2 (full 0):
 def new generation   total 4928K, used 512K [0x03c00000, 0x04150000, 0x09150000)
  eden space 4416K,   0% used [0x03c00000, 0x03c00000, 0x04050000)
  from space 512K, 100% used [0x04050000, 0x040d0000, 0x040d0000)
  to   space 512K,   0% used [0x040d0000, 0x040d0000, 0x04150000)
 tenured generation   total 10944K, used 1793K [0x09150000, 0x09c00000, 0x13c00000)
   the space 10944K,  16% used [0x09150000, 0x093106b0, 0x09310800, 0x09c00000)
 Metaspace       used 8199K, capacity 8382K, committed 8448K, reserved 8576K
}
Event: 4.251 GC heap before
{Heap before GC invocations=2 (full 0):
 def new generation   total 4928K, used 4926K [0x03c00000, 0x04150000, 0x09150000)
  eden space 4416K,  99% used [0x03c00000, 0x0404fb60, 0x04050000)
  from space 512K, 100% used [0x04050000, 0x040d0000, 0x040d0000)
  to   space 512K,   0% used [0x040d0000, 0x040d0000, 0x04150000)
 tenured generation   total 10944K, used 1793K [0x09150000, 0x09c00000, 0x13c00000)
   the space 10944K,  16% used [0x09150000, 0x093106b0, 0x09310800, 0x09c00000)
 Metaspace       used 9194K, capacity 9374K, committed 9472K, reserved 9600K
Event: 4.259 GC heap after
Heap after GC invocations=3 (full 0):
 def new generation   total 4928K, used 512K [0x03c00000, 0x04150000, 0x09150000)
  eden space 4416K,   0% used [0x03c00000, 0x03c00000, 0x04050000)
  from space 512K, 100% used [0x040d0000, 0x04150000, 0x04150000)
  to   space 512K,   0% used [0x04050000, 0x04050000, 0x040d0000)
 tenured generation   total 10944K, used 3552K [0x09150000, 0x09c00000, 0x13c00000)
   the space 10944K,  32% used [0x09150000, 0x094c8360, 0x094c8400, 0x09c00000)
 Metaspace       used 9194K, capacity 9374K, committed 9472K, reserved 9600K
}
Event: 9.281 GC heap before
{Heap before GC invocations=3 (full 0):
 def new generation   total 4928K, used 4928K [0x03c00000, 0x04150000, 0x09150000)
  eden space 4416K, 100% used [0x03c00000, 0x04050000, 0x04050000)
  from space 512K, 100% used [0x040d0000, 0x04150000, 0x04150000)
  to   space 512K,   0% used [0x04050000, 0x04050000, 0x040d0000)
 tenured generation   total 10944K, used 3552K [0x09150000, 0x09c00000, 0x13c00000)
   the space 10944K,  32% used [0x09150000, 0x094c8360, 0x094c8400, 0x09c00000)
 Metaspace       used 10364K, capacity 10565K, committed 10624K, reserved 10624K
Event: 9.288 GC heap after
Heap after GC invocations=4 (full 0):
 def new generation   total 4928K, used 512K [0x03c00000, 0x04150000, 0x09150000)
  eden space 4416K,   0% used [0x03c00000, 0x03c00000, 0x04050000)
  from space 512K, 100% used [0x04050000, 0x040d0000, 0x040d0000)
  to   space 512K,   0% used [0x040d0000, 0x040d0000, 0x04150000)
 tenured generation   total 10944K, used 4792K [0x09150000, 0x09c00000, 0x13c00000)
   the space 10944K,  43% used [0x09150000, 0x095fe0f0, 0x095fe200, 0x09c00000)
 Metaspace       used 10364K, capacity 10565K, committed 10624K, reserved 10624K
}
Event: 18.185 GC heap before
{Heap before GC invocations=4 (full 0):
 def new generation   total 4928K, used 4928K [0x03c00000, 0x04150000, 0x09150000)
  eden space 4416K, 100% used [0x03c00000, 0x04050000, 0x04050000)
  from space 512K, 100% used [0x04050000, 0x040d0000, 0x040d0000)
  to   space 512K,   0% used [0x040d0000, 0x040d0000, 0x04150000)
 tenured generation   total 10944K, used 4792K [0x09150000, 0x09c00000, 0x13c00000)
   the space 10944K,  43% used [0x09150000, 0x095fe0f0, 0x095fe200, 0x09c00000)
 Metaspace       used 10382K, capacity 10597K, committed 10752K, reserved 11648K
Event: 18.194 GC heap after
Heap after GC invocations=5 (full 0):
 def new generation   total 4928K, used 267K [0x03c00000, 0x04150000, 0x09150000)
  eden space 4416K,   0% used [0x03c00000, 0x03c00000, 0x04050000)
  from space 512K,  52% used [0x040d0000, 0x04112d88, 0x04150000)
  to   space 512K,   0% used [0x04050000, 0x04050000, 0x040d0000)
 tenured generation   total 10944K, used 5847K [0x09150000, 0x09c00000, 0x13c00000)
   the space 10944K,  53% used [0x09150000, 0x09705fb8, 0x09706000, 0x09c00000)
 Metaspace       used 10382K, capacity 10597K, committed 10752K, reserved 11648K
}

